<?xml version="1.0" encoding="UTF-8"?>
<testng-results skipped="0" failed="0" total="1" passed="1">
  <reporter-output>
  </reporter-output>
  <suite name="Default suite" duration-ms="4245" started-at="2020-04-13T09:27:42Z" finished-at="2020-04-13T09:27:47Z">
    <groups>
    </groups>
    <test name="Default test" duration-ms="4245" started-at="2020-04-13T09:27:42Z" finished-at="2020-04-13T09:27:47Z">
      <class name="com.qa.test.postApiTest">
        <test-method status="PASS" signature="setup()[pri:0, instance:com.qa.test.postApiTest@5ef60048]" name="setup" is-config="true" duration-ms="17" started-at="2020-04-13T14:57:42Z" finished-at="2020-04-13T14:57:42Z">
          <reporter-output>
          </reporter-output>
        </test-method> <!-- setup -->
        <test-method status="PASS" signature="postAPITest()[pri:1, instance:com.qa.test.postApiTest@5ef60048]" name="postAPITest" duration-ms="4185" started-at="2020-04-13T14:57:42Z" finished-at="2020-04-13T14:57:47Z">
          <reporter-output>
          </reporter-output>
        </test-method> <!-- postAPITest -->
      </class> <!-- com.qa.test.postApiTest -->
    </test> <!-- Default test -->
  </suite> <!-- Default suite -->
</testng-results>
